22-Oct-2019 23:04:03.358 INFORMAÇÕES [main] org.apache.catalina.startup.VersionLoggerListener.log Server version name:   Apache Tomcat/9.0.22
22-Oct-2019 23:04:03.373 INFORMAÇÕES [main] org.apache.catalina.startup.VersionLoggerListener.log Server built:          Jul 4 2019 14:20:06 UTC
22-Oct-2019 23:04:03.373 INFORMAÇÕES [main] org.apache.catalina.startup.VersionLoggerListener.log Server version number: 9.0.22.0
22-Oct-2019 23:04:03.373 INFORMAÇÕES [main] org.apache.catalina.startup.VersionLoggerListener.log OS Name:               Windows 10
22-Oct-2019 23:04:03.373 INFORMAÇÕES [main] org.apache.catalina.startup.VersionLoggerListener.log OS Version:            10.0
22-Oct-2019 23:04:03.373 INFORMAÇÕES [main] org.apache.catalina.startup.VersionLoggerListener.log Architecture:          amd64
22-Oct-2019 23:04:03.373 INFORMAÇÕES [main] org.apache.catalina.startup.VersionLoggerListener.log Java Home:             C:\Program Files\Java\jdk1.8.0_212\jre
22-Oct-2019 23:04:03.373 INFORMAÇÕES [main] org.apache.catalina.startup.VersionLoggerListener.log JVM Version:           1.8.0_212-b10
22-Oct-2019 23:04:03.373 INFORMAÇÕES [main] org.apache.catalina.startup.VersionLoggerListener.log JVM Vendor:            Oracle Corporation
22-Oct-2019 23:04:03.373 INFORMAÇÕES [main] org.apache.catalina.startup.VersionLoggerListener.log CATALINA_BASE:         C:\Users\luana\Desktop\ADS\4º Semestre\5º - Desenvolvimento Web II\apache-tomcat-9.0.22\apache-tomcat-9.0.22
22-Oct-2019 23:04:03.373 INFORMAÇÕES [main] org.apache.catalina.startup.VersionLoggerListener.log CATALINA_HOME:         C:\Users\luana\Desktop\ADS\4º Semestre\5º - Desenvolvimento Web II\apache-tomcat-9.0.22\apache-tomcat-9.0.22
22-Oct-2019 23:04:03.378 INFORMAÇÕES [main] org.apache.catalina.startup.VersionLoggerListener.log Command line argument: -Djava.util.logging.config.file=C:\Users\luana\Desktop\ADS\4º Semestre\5º - Desenvolvimento Web II\apache-tomcat-9.0.22\apache-tomcat-9.0.22\conf\logging.properties
22-Oct-2019 23:04:03.378 INFORMAÇÕES [main] org.apache.catalina.startup.VersionLoggerListener.log Command line argument: -Djava.util.logging.manager=org.apache.juli.ClassLoaderLogManager
22-Oct-2019 23:04:03.378 INFORMAÇÕES [main] org.apache.catalina.startup.VersionLoggerListener.log Command line argument: -Dhttp.nonProxyHosts=localhost|127.0.0.1|LAPTOP-MP9QSH2I
22-Oct-2019 23:04:03.378 INFORMAÇÕES [main] org.apache.catalina.startup.VersionLoggerListener.log Command line argument: -Djdk.tls.ephemeralDHKeySize=2048
22-Oct-2019 23:04:03.378 INFORMAÇÕES [main] org.apache.catalina.startup.VersionLoggerListener.log Command line argument: -Djava.protocol.handler.pkgs=org.apache.catalina.webresources
22-Oct-2019 23:04:03.378 INFORMAÇÕES [main] org.apache.catalina.startup.VersionLoggerListener.log Command line argument: -Dignore.endorsed.dirs=
22-Oct-2019 23:04:03.378 INFORMAÇÕES [main] org.apache.catalina.startup.VersionLoggerListener.log Command line argument: -Dcatalina.base=C:\Users\luana\Desktop\ADS\4º Semestre\5º - Desenvolvimento Web II\apache-tomcat-9.0.22\apache-tomcat-9.0.22
22-Oct-2019 23:04:03.378 INFORMAÇÕES [main] org.apache.catalina.startup.VersionLoggerListener.log Command line argument: -Dcatalina.home=C:\Users\luana\Desktop\ADS\4º Semestre\5º - Desenvolvimento Web II\apache-tomcat-9.0.22\apache-tomcat-9.0.22
22-Oct-2019 23:04:03.378 INFORMAÇÕES [main] org.apache.catalina.startup.VersionLoggerListener.log Command line argument: -Djava.io.tmpdir=C:\Users\luana\Desktop\ADS\4º Semestre\5º - Desenvolvimento Web II\apache-tomcat-9.0.22\apache-tomcat-9.0.22\temp
22-Oct-2019 23:04:03.378 INFORMAÇÕES [main] org.apache.catalina.core.AprLifecycleListener.lifecycleEvent The APR based Apache Tomcat Native library which allows optimal performance in production environments was not found on the java.library.path: [C:\Program Files\Java\jdk1.8.0_212\bin;C:\Windows\Sun\Java\bin;C:\Windows\system32;C:\Windows;C:\Program Files (x86)\Common Files\Oracle\Java\javapath;C:\Windows\system32;C:\Windows;C:\Windows\System32\Wbem;C:\Windows\System32\WindowsPowerShell\v1.0\;C:\Windows\System32\OpenSSH\;C:\Program Files\Git\cmd;C:\Program Files (x86)\Yarn\bin\;C:\Program Files\nodejs\;;C:\Users\luana\AppData\Local\Programs\Microsoft VS Code\bin;.]
22-Oct-2019 23:04:04.740 INFORMAÇÕES [main] org.apache.coyote.AbstractProtocol.init Initializing ProtocolHandler ["http-nio-8080"]
22-Oct-2019 23:04:04.999 INFORMAÇÕES [main] org.apache.coyote.AbstractProtocol.init Initializing ProtocolHandler ["ajp-nio-8009"]
22-Oct-2019 23:04:05.014 INFORMAÇÕES [main] org.apache.catalina.startup.Catalina.load Server initialization in [2.054] milliseconds
22-Oct-2019 23:04:05.094 INFORMAÇÕES [main] org.apache.catalina.core.StandardService.startInternal Starting service [Catalina]
22-Oct-2019 23:04:05.094 INFORMAÇÕES [main] org.apache.catalina.core.StandardEngine.startInternal Starting Servlet engine: [Apache Tomcat/9.0.22]
22-Oct-2019 23:04:05.129 INFORMAÇÕES [main] org.apache.catalina.startup.HostConfig.deployDirectory Diretório de instalação da aplicação web [C:\Users\luana\Desktop\ADS\4º Semestre\5º - Desenvolvimento Web II\apache-tomcat-9.0.22\apache-tomcat-9.0.22\webapps\docs]
22-Oct-2019 23:04:05.439 INFORMAÇÕES [main] org.apache.catalina.startup.HostConfig.deployDirectory Deployment of web application directory [C:\Users\luana\Desktop\ADS\4º Semestre\5º - Desenvolvimento Web II\apache-tomcat-9.0.22\apache-tomcat-9.0.22\webapps\docs] has finished in [310] ms
22-Oct-2019 23:04:05.439 INFORMAÇÕES [main] org.apache.catalina.startup.HostConfig.deployDirectory Diretório de instalação da aplicação web [C:\Users\luana\Desktop\ADS\4º Semestre\5º - Desenvolvimento Web II\apache-tomcat-9.0.22\apache-tomcat-9.0.22\webapps\examples]
22-Oct-2019 23:04:08.318 INFORMAÇÕES [main] org.apache.catalina.startup.HostConfig.deployDirectory Deployment of web application directory [C:\Users\luana\Desktop\ADS\4º Semestre\5º - Desenvolvimento Web II\apache-tomcat-9.0.22\apache-tomcat-9.0.22\webapps\examples] has finished in [2.879] ms
22-Oct-2019 23:04:08.318 INFORMAÇÕES [main] org.apache.catalina.startup.HostConfig.deployDirectory Diretório de instalação da aplicação web [C:\Users\luana\Desktop\ADS\4º Semestre\5º - Desenvolvimento Web II\apache-tomcat-9.0.22\apache-tomcat-9.0.22\webapps\host-manager]
22-Oct-2019 23:04:08.393 INFORMAÇÕES [main] org.apache.catalina.startup.HostConfig.deployDirectory Deployment of web application directory [C:\Users\luana\Desktop\ADS\4º Semestre\5º - Desenvolvimento Web II\apache-tomcat-9.0.22\apache-tomcat-9.0.22\webapps\host-manager] has finished in [75] ms
22-Oct-2019 23:04:08.393 INFORMAÇÕES [main] org.apache.catalina.startup.HostConfig.deployDirectory Diretório de instalação da aplicação web [C:\Users\luana\Desktop\ADS\4º Semestre\5º - Desenvolvimento Web II\apache-tomcat-9.0.22\apache-tomcat-9.0.22\webapps\manager]
22-Oct-2019 23:04:08.452 INFORMAÇÕES [main] org.apache.catalina.startup.HostConfig.deployDirectory Deployment of web application directory [C:\Users\luana\Desktop\ADS\4º Semestre\5º - Desenvolvimento Web II\apache-tomcat-9.0.22\apache-tomcat-9.0.22\webapps\manager] has finished in [59] ms
22-Oct-2019 23:04:08.452 INFORMAÇÕES [main] org.apache.catalina.startup.HostConfig.deployDirectory Diretório de instalação da aplicação web [C:\Users\luana\Desktop\ADS\4º Semestre\5º - Desenvolvimento Web II\apache-tomcat-9.0.22\apache-tomcat-9.0.22\webapps\ROOT]
22-Oct-2019 23:04:08.493 INFORMAÇÕES [main] org.apache.catalina.startup.HostConfig.deployDirectory Deployment of web application directory [C:\Users\luana\Desktop\ADS\4º Semestre\5º - Desenvolvimento Web II\apache-tomcat-9.0.22\apache-tomcat-9.0.22\webapps\ROOT] has finished in [41] ms
22-Oct-2019 23:04:08.497 INFORMAÇÕES [main] org.apache.coyote.AbstractProtocol.start Starting ProtocolHandler ["http-nio-8080"]
22-Oct-2019 23:04:08.503 INFORMAÇÕES [main] org.apache.coyote.AbstractProtocol.start Starting ProtocolHandler ["ajp-nio-8009"]
22-Oct-2019 23:04:08.507 INFORMAÇÕES [main] org.apache.catalina.startup.Catalina.start Server startup in [3.494] milliseconds
22-Oct-2019 23:04:17.040 INFORMAÇÕES [http-nio-8080-exec-10] org.apache.catalina.startup.HostConfig.deployDescriptor Deploying deployment descriptor [C:\Users\luana\Desktop\ADS\4º Semestre\5º - Desenvolvimento Web II\apache-tomcat-9.0.22\apache-tomcat-9.0.22\conf\Catalina\localhost\WebView.xml]
22-Oct-2019 23:04:17.040 ADVERTÊNCIA [http-nio-8080-exec-10] org.apache.catalina.startup.HostConfig.deployDescriptor The path attribute with value [/WebView] in deployment descriptor [C:\Users\luana\Desktop\ADS\4º Semestre\5º - Desenvolvimento Web II\apache-tomcat-9.0.22\apache-tomcat-9.0.22\conf\Catalina\localhost\WebView.xml] has been ignored
22-Oct-2019 23:04:17.579 INFORMAÇÕES [http-nio-8080-exec-10] org.apache.jasper.servlet.TldScanner.scanJars At least one JAR was scanned for TLDs yet contained no TLDs. Enable debug logging for this logger for a complete list of JARs that were scanned but no TLDs were found in them. Skipping unneeded JARs during scanning can improve startup time and JSP compilation time.
22-Oct-2019 23:04:17.602 INFORMAÇÕES [http-nio-8080-exec-10] org.apache.catalina.startup.HostConfig.deployDescriptor Deployment of deployment descriptor [C:\Users\luana\Desktop\ADS\4º Semestre\5º - Desenvolvimento Web II\apache-tomcat-9.0.22\apache-tomcat-9.0.22\conf\Catalina\localhost\WebView.xml] has finished in [562] ms
22-Oct-2019 23:04:17.607 INFORMAÇÕES [http-nio-8080-exec-1] org.apache.catalina.util.LifecycleBase.start The start() method was called on component [StandardEngine[Catalina].StandardHost[localhost].StandardContext[/WebView]] after start() had already been called. The second call will be ignored.
22-Oct-2019 23:05:40.259 INFORMAÇÕES [main] org.apache.catalina.core.StandardServer.await A valid shutdown command was received via the shutdown port. Stopping the Server instance.
22-Oct-2019 23:05:40.259 INFORMAÇÕES [main] org.apache.coyote.AbstractProtocol.pause Pausing ProtocolHandler ["http-nio-8080"]
22-Oct-2019 23:05:40.401 INFORMAÇÕES [main] org.apache.coyote.AbstractProtocol.pause Pausing ProtocolHandler ["ajp-nio-8009"]
22-Oct-2019 23:05:40.542 INFORMAÇÕES [main] org.apache.catalina.core.StandardService.stopInternal Stopping service [Catalina]
22-Oct-2019 23:05:40.631 INFORMAÇÕES [main] org.apache.coyote.AbstractProtocol.stop Stopping ProtocolHandler ["http-nio-8080"]
22-Oct-2019 23:05:40.636 INFORMAÇÕES [main] org.apache.coyote.AbstractProtocol.stop Stopping ProtocolHandler ["ajp-nio-8009"]
22-Oct-2019 23:05:40.636 INFORMAÇÕES [main] org.apache.coyote.AbstractProtocol.destroy Destroying ProtocolHandler ["http-nio-8080"]
22-Oct-2019 23:05:40.636 INFORMAÇÕES [main] org.apache.coyote.AbstractProtocol.destroy Destroying ProtocolHandler ["ajp-nio-8009"]
22-Oct-2019 23:05:46.777 INFORMAÇÕES [main] org.apache.catalina.startup.VersionLoggerListener.log Server version name:   Apache Tomcat/9.0.22
22-Oct-2019 23:05:46.782 INFORMAÇÕES [main] org.apache.catalina.startup.VersionLoggerListener.log Server built:          Jul 4 2019 14:20:06 UTC
22-Oct-2019 23:05:46.782 INFORMAÇÕES [main] org.apache.catalina.startup.VersionLoggerListener.log Server version number: 9.0.22.0
22-Oct-2019 23:05:46.782 INFORMAÇÕES [main] org.apache.catalina.startup.VersionLoggerListener.log OS Name:               Windows 10
22-Oct-2019 23:05:46.782 INFORMAÇÕES [main] org.apache.catalina.startup.VersionLoggerListener.log OS Version:            10.0
22-Oct-2019 23:05:46.782 INFORMAÇÕES [main] org.apache.catalina.startup.VersionLoggerListener.log Architecture:          amd64
22-Oct-2019 23:05:46.782 INFORMAÇÕES [main] org.apache.catalina.startup.VersionLoggerListener.log Java Home:             C:\Program Files\Java\jdk1.8.0_212\jre
22-Oct-2019 23:05:46.782 INFORMAÇÕES [main] org.apache.catalina.startup.VersionLoggerListener.log JVM Version:           1.8.0_212-b10
22-Oct-2019 23:05:46.782 INFORMAÇÕES [main] org.apache.catalina.startup.VersionLoggerListener.log JVM Vendor:            Oracle Corporation
22-Oct-2019 23:05:46.782 INFORMAÇÕES [main] org.apache.catalina.startup.VersionLoggerListener.log CATALINA_BASE:         C:\Users\luana\Desktop\ADS\4º Semestre\5º - Desenvolvimento Web II\apache-tomcat-9.0.22\apache-tomcat-9.0.22
22-Oct-2019 23:05:46.782 INFORMAÇÕES [main] org.apache.catalina.startup.VersionLoggerListener.log CATALINA_HOME:         C:\Users\luana\Desktop\ADS\4º Semestre\5º - Desenvolvimento Web II\apache-tomcat-9.0.22\apache-tomcat-9.0.22
22-Oct-2019 23:05:46.782 INFORMAÇÕES [main] org.apache.catalina.startup.VersionLoggerListener.log Command line argument: -Djava.util.logging.config.file=C:\Users\luana\Desktop\ADS\4º Semestre\5º - Desenvolvimento Web II\apache-tomcat-9.0.22\apache-tomcat-9.0.22\conf\logging.properties
22-Oct-2019 23:05:46.782 INFORMAÇÕES [main] org.apache.catalina.startup.VersionLoggerListener.log Command line argument: -Djava.util.logging.manager=org.apache.juli.ClassLoaderLogManager
22-Oct-2019 23:05:46.782 INFORMAÇÕES [main] org.apache.catalina.startup.VersionLoggerListener.log Command line argument: -Dhttp.nonProxyHosts=localhost|127.0.0.1|LAPTOP-MP9QSH2I
22-Oct-2019 23:05:46.782 INFORMAÇÕES [main] org.apache.catalina.startup.VersionLoggerListener.log Command line argument: -Djdk.tls.ephemeralDHKeySize=2048
22-Oct-2019 23:05:46.782 INFORMAÇÕES [main] org.apache.catalina.startup.VersionLoggerListener.log Command line argument: -Djava.protocol.handler.pkgs=org.apache.catalina.webresources
22-Oct-2019 23:05:46.782 INFORMAÇÕES [main] org.apache.catalina.startup.VersionLoggerListener.log Command line argument: -agentlib:jdwp=transport=dt_shmem,address=tomcat_shared_memory_id,server=y,suspend=n
22-Oct-2019 23:05:46.782 INFORMAÇÕES [main] org.apache.catalina.startup.VersionLoggerListener.log Command line argument: -Dignore.endorsed.dirs=
22-Oct-2019 23:05:46.782 INFORMAÇÕES [main] org.apache.catalina.startup.VersionLoggerListener.log Command line argument: -Dcatalina.base=C:\Users\luana\Desktop\ADS\4º Semestre\5º - Desenvolvimento Web II\apache-tomcat-9.0.22\apache-tomcat-9.0.22
22-Oct-2019 23:05:46.782 INFORMAÇÕES [main] org.apache.catalina.startup.VersionLoggerListener.log Command line argument: -Dcatalina.home=C:\Users\luana\Desktop\ADS\4º Semestre\5º - Desenvolvimento Web II\apache-tomcat-9.0.22\apache-tomcat-9.0.22
22-Oct-2019 23:05:46.782 INFORMAÇÕES [main] org.apache.catalina.startup.VersionLoggerListener.log Command line argument: -Djava.io.tmpdir=C:\Users\luana\Desktop\ADS\4º Semestre\5º - Desenvolvimento Web II\apache-tomcat-9.0.22\apache-tomcat-9.0.22\temp
22-Oct-2019 23:05:46.782 INFORMAÇÕES [main] org.apache.catalina.core.AprLifecycleListener.lifecycleEvent The APR based Apache Tomcat Native library which allows optimal performance in production environments was not found on the java.library.path: [C:\Program Files\Java\jdk1.8.0_212\bin;C:\Windows\Sun\Java\bin;C:\Windows\system32;C:\Windows;C:\Program Files (x86)\Common Files\Oracle\Java\javapath;C:\Windows\system32;C:\Windows;C:\Windows\System32\Wbem;C:\Windows\System32\WindowsPowerShell\v1.0\;C:\Windows\System32\OpenSSH\;C:\Program Files\Git\cmd;C:\Program Files (x86)\Yarn\bin\;C:\Program Files\nodejs\;;C:\Users\luana\AppData\Local\Programs\Microsoft VS Code\bin;.]
22-Oct-2019 23:05:47.092 INFORMAÇÕES [main] org.apache.coyote.AbstractProtocol.init Initializing ProtocolHandler ["http-nio-8080"]
22-Oct-2019 23:05:47.264 INFORMAÇÕES [main] org.apache.coyote.AbstractProtocol.init Initializing ProtocolHandler ["ajp-nio-8009"]
22-Oct-2019 23:05:47.274 INFORMAÇÕES [main] org.apache.catalina.startup.Catalina.load Server initialization in [681] milliseconds
22-Oct-2019 23:05:47.309 INFORMAÇÕES [main] org.apache.catalina.core.StandardService.startInternal Starting service [Catalina]
22-Oct-2019 23:05:47.309 INFORMAÇÕES [main] org.apache.catalina.core.StandardEngine.startInternal Starting Servlet engine: [Apache Tomcat/9.0.22]
22-Oct-2019 23:05:47.314 INFORMAÇÕES [main] org.apache.catalina.startup.HostConfig.deployDescriptor Deploying deployment descriptor [C:\Users\luana\Desktop\ADS\4º Semestre\5º - Desenvolvimento Web II\apache-tomcat-9.0.22\apache-tomcat-9.0.22\conf\Catalina\localhost\WebView.xml]
22-Oct-2019 23:05:47.330 ADVERTÊNCIA [main] org.apache.catalina.startup.HostConfig.deployDescriptor The path attribute with value [/WebView] in deployment descriptor [C:\Users\luana\Desktop\ADS\4º Semestre\5º - Desenvolvimento Web II\apache-tomcat-9.0.22\apache-tomcat-9.0.22\conf\Catalina\localhost\WebView.xml] has been ignored
22-Oct-2019 23:05:48.054 INFORMAÇÕES [main] org.apache.jasper.servlet.TldScanner.scanJars At least one JAR was scanned for TLDs yet contained no TLDs. Enable debug logging for this logger for a complete list of JARs that were scanned but no TLDs were found in them. Skipping unneeded JARs during scanning can improve startup time and JSP compilation time.
22-Oct-2019 23:05:48.094 INFORMAÇÕES [main] org.apache.catalina.startup.HostConfig.deployDescriptor Deployment of deployment descriptor [C:\Users\luana\Desktop\ADS\4º Semestre\5º - Desenvolvimento Web II\apache-tomcat-9.0.22\apache-tomcat-9.0.22\conf\Catalina\localhost\WebView.xml] has finished in [780] ms
22-Oct-2019 23:05:48.094 INFORMAÇÕES [main] org.apache.catalina.startup.HostConfig.deployDirectory Diretório de instalação da aplicação web [C:\Users\luana\Desktop\ADS\4º Semestre\5º - Desenvolvimento Web II\apache-tomcat-9.0.22\apache-tomcat-9.0.22\webapps\docs]
22-Oct-2019 23:05:48.179 INFORMAÇÕES [main] org.apache.catalina.startup.HostConfig.deployDirectory Deployment of web application directory [C:\Users\luana\Desktop\ADS\4º Semestre\5º - Desenvolvimento Web II\apache-tomcat-9.0.22\apache-tomcat-9.0.22\webapps\docs] has finished in [85] ms
22-Oct-2019 23:05:48.179 INFORMAÇÕES [main] org.apache.catalina.startup.HostConfig.deployDirectory Diretório de instalação da aplicação web [C:\Users\luana\Desktop\ADS\4º Semestre\5º - Desenvolvimento Web II\apache-tomcat-9.0.22\apache-tomcat-9.0.22\webapps\examples]
22-Oct-2019 23:05:50.163 INFORMAÇÕES [main] org.apache.catalina.startup.HostConfig.deployDirectory Deployment of web application directory [C:\Users\luana\Desktop\ADS\4º Semestre\5º - Desenvolvimento Web II\apache-tomcat-9.0.22\apache-tomcat-9.0.22\webapps\examples] has finished in [1.984] ms
22-Oct-2019 23:05:50.163 INFORMAÇÕES [main] org.apache.catalina.startup.HostConfig.deployDirectory Diretório de instalação da aplicação web [C:\Users\luana\Desktop\ADS\4º Semestre\5º - Desenvolvimento Web II\apache-tomcat-9.0.22\apache-tomcat-9.0.22\webapps\host-manager]
22-Oct-2019 23:05:50.223 INFORMAÇÕES [main] org.apache.catalina.startup.HostConfig.deployDirectory Deployment of web application directory [C:\Users\luana\Desktop\ADS\4º Semestre\5º - Desenvolvimento Web II\apache-tomcat-9.0.22\apache-tomcat-9.0.22\webapps\host-manager] has finished in [60] ms
22-Oct-2019 23:05:50.223 INFORMAÇÕES [main] org.apache.catalina.startup.HostConfig.deployDirectory Diretório de instalação da aplicação web [C:\Users\luana\Desktop\ADS\4º Semestre\5º - Desenvolvimento Web II\apache-tomcat-9.0.22\apache-tomcat-9.0.22\webapps\manager]
22-Oct-2019 23:05:50.298 INFORMAÇÕES [main] org.apache.catalina.startup.HostConfig.deployDirectory Deployment of web application directory [C:\Users\luana\Desktop\ADS\4º Semestre\5º - Desenvolvimento Web II\apache-tomcat-9.0.22\apache-tomcat-9.0.22\webapps\manager] has finished in [75] ms
22-Oct-2019 23:05:50.298 INFORMAÇÕES [main] org.apache.catalina.startup.HostConfig.deployDirectory Diretório de instalação da aplicação web [C:\Users\luana\Desktop\ADS\4º Semestre\5º - Desenvolvimento Web II\apache-tomcat-9.0.22\apache-tomcat-9.0.22\webapps\ROOT]
22-Oct-2019 23:05:50.343 INFORMAÇÕES [main] org.apache.catalina.startup.HostConfig.deployDirectory Deployment of web application directory [C:\Users\luana\Desktop\ADS\4º Semestre\5º - Desenvolvimento Web II\apache-tomcat-9.0.22\apache-tomcat-9.0.22\webapps\ROOT] has finished in [45] ms
22-Oct-2019 23:05:50.348 INFORMAÇÕES [main] org.apache.coyote.AbstractProtocol.start Starting ProtocolHandler ["http-nio-8080"]
22-Oct-2019 23:05:50.358 INFORMAÇÕES [main] org.apache.coyote.AbstractProtocol.start Starting ProtocolHandler ["ajp-nio-8009"]
22-Oct-2019 23:05:50.358 INFORMAÇÕES [main] org.apache.catalina.startup.Catalina.start Server startup in [3.083] milliseconds
22-Oct-2019 23:05:53.698 INFORMAÇÕES [http-nio-8080-exec-6] org.apache.catalina.startup.HostConfig.undeploy Undeploying context [/WebView]
22-Oct-2019 23:05:53.723 INFORMAÇÕES [http-nio-8080-exec-7] org.apache.catalina.startup.HostConfig.deployDescriptor Deploying deployment descriptor [C:\Users\luana\Desktop\ADS\4º Semestre\5º - Desenvolvimento Web II\apache-tomcat-9.0.22\apache-tomcat-9.0.22\conf\Catalina\localhost\WebView.xml]
22-Oct-2019 23:05:53.723 ADVERTÊNCIA [http-nio-8080-exec-7] org.apache.catalina.startup.HostConfig.deployDescriptor The path attribute with value [/WebView] in deployment descriptor [C:\Users\luana\Desktop\ADS\4º Semestre\5º - Desenvolvimento Web II\apache-tomcat-9.0.22\apache-tomcat-9.0.22\conf\Catalina\localhost\WebView.xml] has been ignored
22-Oct-2019 23:05:54.269 INFORMAÇÕES [http-nio-8080-exec-7] org.apache.jasper.servlet.TldScanner.scanJars At least one JAR was scanned for TLDs yet contained no TLDs. Enable debug logging for this logger for a complete list of JARs that were scanned but no TLDs were found in them. Skipping unneeded JARs during scanning can improve startup time and JSP compilation time.
22-Oct-2019 23:05:54.274 INFORMAÇÕES [http-nio-8080-exec-7] org.apache.catalina.startup.HostConfig.deployDescriptor Deployment of deployment descriptor [C:\Users\luana\Desktop\ADS\4º Semestre\5º - Desenvolvimento Web II\apache-tomcat-9.0.22\apache-tomcat-9.0.22\conf\Catalina\localhost\WebView.xml] has finished in [551] ms
22-Oct-2019 23:05:54.274 INFORMAÇÕES [http-nio-8080-exec-2] org.apache.catalina.util.LifecycleBase.start The start() method was called on component [StandardEngine[Catalina].StandardHost[localhost].StandardContext[/WebView]] after start() had already been called. The second call will be ignored.
22-Oct-2019 23:09:46.775 INFORMAÇÕES [http-nio-8080-exec-7] org.apache.catalina.startup.HostConfig.undeploy Undeploying context [/WebView]
22-Oct-2019 23:25:16.232 INFORMAÇÕES [main] org.apache.catalina.core.StandardServer.await A valid shutdown command was received via the shutdown port. Stopping the Server instance.
22-Oct-2019 23:25:16.232 INFORMAÇÕES [main] org.apache.coyote.AbstractProtocol.pause Pausing ProtocolHandler ["http-nio-8080"]
22-Oct-2019 23:25:16.418 INFORMAÇÕES [main] org.apache.coyote.AbstractProtocol.pause Pausing ProtocolHandler ["ajp-nio-8009"]
22-Oct-2019 23:25:16.596 INFORMAÇÕES [main] org.apache.catalina.core.StandardService.stopInternal Stopping service [Catalina]
22-Oct-2019 23:25:16.628 INFORMAÇÕES [main] org.apache.coyote.AbstractProtocol.stop Stopping ProtocolHandler ["http-nio-8080"]
22-Oct-2019 23:25:16.632 INFORMAÇÕES [main] org.apache.coyote.AbstractProtocol.stop Stopping ProtocolHandler ["ajp-nio-8009"]
22-Oct-2019 23:25:16.632 INFORMAÇÕES [main] org.apache.coyote.AbstractProtocol.destroy Destroying ProtocolHandler ["http-nio-8080"]
22-Oct-2019 23:25:16.632 INFORMAÇÕES [main] org.apache.coyote.AbstractProtocol.destroy Destroying ProtocolHandler ["ajp-nio-8009"]
